<?xml version="1.0" encoding="UTF-8"?>
<testng-results ignored="0" total="4" passed="4" failed="0" skipped="0">
  <reporter-output>
  </reporter-output>
  <suite started-at="2023-11-23T12:53:32 IST" name="ExcelSheet Read" finished-at="2023-11-23T12:53:33 IST" duration-ms="1143">
    <groups>
    </groups>
    <test started-at="2023-11-23T12:53:32 IST" name="ExcelSheetReader" finished-at="2023-11-23T12:53:33 IST" duration-ms="1143">
      <class name="utils.ExcelDataProvider">
        <test-method signature="test1(java.lang.String,java.lang.String,java.lang.String,java.lang.String,java.lang.String)[pri:0, instance:utils.ExcelDataProvider@74751b3]" started-at="2023-11-23T12:53:33 IST" name="test1" data-provider="test1data" finished-at="2023-11-23T12:53:33 IST" duration-ms="8" status="PASS">
          <params>
            <param index="0">
              <value>
                <![CDATA[sharad]]>
              </value>
            </param>
            <param index="1">
              <value>
                <![CDATA[123]]>
              </value>
            </param>
            <param index="2">
              <value>
                <![CDATA[Pass]]>
              </value>
            </param>
            <param index="3">
              <value>
                <![CDATA[9558749522]]>
              </value>
            </param>
            <param index="4">
              <value>
                <![CDATA[30008]]>
              </value>
            </param>
          </params>
          <reporter-output>
          </reporter-output>
        </test-method> <!-- test1 -->
        <test-method signature="test1(java.lang.String,java.lang.String,java.lang.String,java.lang.String,java.lang.String)[pri:0, instance:utils.ExcelDataProvider@74751b3]" started-at="2023-11-23T12:53:33 IST" name="test1" data-provider="test1data" finished-at="2023-11-23T12:53:33 IST" duration-ms="2" status="PASS">
          <params>
            <param index="0">
              <value>
                <![CDATA[Jigar]]>
              </value>
            </param>
            <param index="1">
              <value>
                <![CDATA[456]]>
              </value>
            </param>
            <param index="2">
              <value>
                <![CDATA[Fail]]>
              </value>
            </param>
            <param index="3">
              <value>
                <![CDATA[9558749523]]>
              </value>
            </param>
            <param index="4">
              <value>
                <![CDATA[30009]]>
              </value>
            </param>
          </params>
          <reporter-output>
          </reporter-output>
        </test-method> <!-- test1 -->
        <test-method signature="test1(java.lang.String,java.lang.String,java.lang.String,java.lang.String,java.lang.String)[pri:0, instance:utils.ExcelDataProvider@74751b3]" started-at="2023-11-23T12:53:33 IST" name="test1" data-provider="test1data" finished-at="2023-11-23T12:53:33 IST" duration-ms="2" status="PASS">
          <params>
            <param index="0">
              <value>
                <![CDATA[Sarthak]]>
              </value>
            </param>
            <param index="1">
              <value>
                <![CDATA[123]]>
              </value>
            </param>
            <param index="2">
              <value>
                <![CDATA[Pass]]>
              </value>
            </param>
            <param index="3">
              <value>
                <![CDATA[9558749524]]>
              </value>
            </param>
            <param index="4">
              <value>
                <![CDATA[30010]]>
              </value>
            </param>
          </params>
          <reporter-output>
          </reporter-output>
        </test-method> <!-- test1 -->
        <test-method signature="test1(java.lang.String,java.lang.String,java.lang.String,java.lang.String,java.lang.String)[pri:0, instance:utils.ExcelDataProvider@74751b3]" started-at="2023-11-23T12:53:33 IST" name="test1" data-provider="test1data" finished-at="2023-11-23T12:53:33 IST" duration-ms="1" status="PASS">
          <params>
            <param index="0">
              <value>
                <![CDATA[Siddhant]]>
              </value>
            </param>
            <param index="1">
              <value>
                <![CDATA[123]]>
              </value>
            </param>
            <param index="2">
              <value>
                <![CDATA[Fail]]>
              </value>
            </param>
            <param index="3">
              <value>
                <![CDATA[9558749525]]>
              </value>
            </param>
            <param index="4">
              <value>
                <![CDATA[30011]]>
              </value>
            </param>
          </params>
          <reporter-output>
          </reporter-output>
        </test-method> <!-- test1 -->
      </class> <!-- utils.ExcelDataProvider -->
    </test> <!-- ExcelSheetReader -->
  </suite> <!-- ExcelSheet Read -->
</testng-results>
