<?xml version="1.0" encoding="UTF-8"?>
<!-- Generated by org.testng.reporters.JUnitXMLReporter -->
<testsuite ignored="0" hostname="DESKTOP-5IK2IB9" failures="0" tests="4" name="Default test" time="1.223" errors="0" timestamp="2023-11-23T11:31:54 IST">
  <testcase classname="utils.ExcelDataProvider" name="test1" time="0.006"/>
  <testcase classname="utils.ExcelDataProvider" name="test1" time="0.001"/>
  <testcase classname="utils.ExcelDataProvider" name="test1" time="0.001"/>
  <testcase classname="utils.ExcelDataProvider" name="test1" time="0.001"/>
</testsuite> <!-- Default test -->
