<?xml version="1.0" encoding="UTF-8"?>
<!-- Generated by org.testng.reporters.JUnitXMLReporter -->
<testsuite ignored="0" hostname="DESKTOP-5IK2IB9" failures="0" tests="4" name="ExcelSheetReader" time="1.068" errors="0" timestamp="2023-11-23T12:08:32 IST">
  <testcase classname="utils.ExcelDataProvider" name="test1" time="0.007"/>
  <testcase classname="utils.ExcelDataProvider" name="test1" time="0.002"/>
  <testcase classname="utils.ExcelDataProvider" name="test1" time="0.001"/>
  <testcase classname="utils.ExcelDataProvider" name="test1" time="0.001"/>
</testsuite> <!-- ExcelSheetReader -->
